<?xml version="1.0" encoding="UTF-8"?>
<testng-results skipped="0" failed="0" ignored="0" total="1" passed="1">
  <reporter-output>
  </reporter-output>
  <suite name="Suite" duration-ms="114205" started-at="2020-09-26T06:22:12Z" finished-at="2020-09-26T06:24:06Z">
    <groups>
    </groups>
    <test name="Test" duration-ms="114205" started-at="2020-09-26T06:22:12Z" finished-at="2020-09-26T06:24:06Z">
      <class name="testCases.TC003_verfiyOnlineStatementDownload">
        <test-method status="PASS" signature="setUp()[pri:0, instance:testCases.TC003_verfiyOnlineStatementDownload@59662a0b]" name="setUp" is-config="true" duration-ms="85581" started-at="2020-09-26T06:22:12Z" finished-at="2020-09-26T06:23:37Z">
          <reporter-output>
          </reporter-output>
        </test-method> <!-- setUp -->
        <test-method status="PASS" signature="OnlineStatementdownload()[pri:0, instance:testCases.TC003_verfiyOnlineStatementDownload@59662a0b]" name="OnlineStatementdownload" duration-ms="23993" started-at="2020-09-26T06:23:37Z" finished-at="2020-09-26T06:24:01Z">
          <reporter-output>
          </reporter-output>
        </test-method> <!-- OnlineStatementdownload -->
        <test-method status="PASS" signature="tearDown()[pri:0, instance:testCases.TC003_verfiyOnlineStatementDownload@59662a0b]" name="tearDown" is-config="true" duration-ms="2957" started-at="2020-09-26T06:24:03Z" finished-at="2020-09-26T06:24:06Z">
          <reporter-output>
          </reporter-output>
        </test-method> <!-- tearDown -->
      </class> <!-- testCases.TC003_verfiyOnlineStatementDownload -->
    </test> <!-- Test -->
  </suite> <!-- Suite -->
</testng-results>
